<?xml version="1.0" encoding="UTF-8"?>
<testsuite name="tests.TestInput" tests="2" skipped="0" failures="0" errors="0" timestamp="2023-04-04T03:09:14" hostname="egor-ASUS-TUF-Gaming-F15-FX506LH-FX506LH" time="2.049">
  <properties/>
  <testcase name="TestExample1()" classname="tests.TestInput" time="2.021"/>
  <testcase name="TestNoClassFound()" classname="tests.TestInput" time="0.021"/>
  <system-out><![CDATA[]]></system-out>
  <system-err><![CDATA[]]></system-err>
</testsuite>
